<?xml version="1.0" encoding="UTF-8"?>
<!-- Generated by org.testng.reporters.JUnitReportReporter -->
<testsuite hostname="DESKTOP-6Q9GTRJ" failures="0" tests="1" name="SeleniumJavaAssignment.TestScenario1" time="23.892" errors="0" timestamp="2025-01-15T17:02:41 IST" skipped="0">
  <testcase classname="SeleniumJavaAssignment.TestScenario1" name="simpleFormDemo" time="23.892"/>
  <system-out/>
</testsuite> <!-- SeleniumJavaAssignment.TestScenario1 -->
